
== EXPERIMENT SETUP START ===========
Task type            : regression
Dataset              :  ./dso/dataset/sincos_nv5_nt58/prog_0.csv
Starting seed        : 42
Runs                 : 1
== EXPERIMENT SETUP END =============

== TRAINING SEED 42 START ============
-- BUILDING PRIOR START -------------
WARNING: Skipping invalid 'RelationalConstraint' with arguments {'targets': [], 'effectors': [], 'relationship': None}. Reason: Prior disabled.
WARNING: Skipping invalid 'InverseUnaryConstraint' with arguments {}. Reason: There are no inverse unary Token pairs in the Library.
WARNING: Skipping invalid 'UniformArityPrior' with arguments {}. Reason: Prior disabled.
WARNING: Skipping invalid 'UniformArityPrior' with arguments {}. Reason: Prior disabled.
WARNING: Skipping invalid 'LanguageModelPrior' with arguments {'weight': None}. Reason: Prior disabled.
LengthConstraint: Sequences have minimum length 4.
                  Sequences have maximum length 256.
RepeatConstraint: [const] cannot occur more than 10 times.
TrigConstraint: [sin, cos] cannot be a descendant of [sin, cos].
ConstConstraint: [const] cannot be the only unique child of [sin, cos, add, sub, mul].
NoInputsConstraint: Sequences contain at least one input variable Token.
SoftLengthPrior: No description available.
-- BUILDING PRIOR END ---------------

-- RUNNING EPOCHS START -------------
[00:00:00:24.38] Training epoch 1/97, current best R: 0.7697

	** New best
	Reward: 0.7696895420314165
	Count Off-policy: False
	Count On-policy: True
	Originally on Policy: True
	Invalid: False
	Traversal: sub,x5,mul,add,sin,x4,mul,sub,add,add,x3,add,mul,mul,mul,0.8501734666984329,x2,x5,x1,0.9494432351543133,x4,1.0505545174276323,-0.43442434933231394,1.5200247272981493
	Expression:
	  0.56139993641964936⋅x₁⋅x₂⋅x₅ + 0.66033575312552644⋅x₃ + 0.66033575312552644⋅x₄
	   + x₅ - 1.5200247272981493⋅sin(x₄) - 0.066767394729439797

[00:00:04:44.10] Training epoch 10/97, current best R: 0.7697
[00:00:29:48.53] Training epoch 20/97, current best R: 0.7697
[00:01:08:18.14] Training epoch 27/97, current best R: 0.7706

	** New best
	Reward: 0.7705862066999759
	Count Off-policy: False
	Count On-policy: True
	Originally on Policy: True
	Invalid: False
	Traversal: mul,add,x5,sub,0.2086924395650004,sub,x4,add,mul,mul,sin,x4,add,x2,-0.7808046266637593,0.32400237894356815,mul,x4,x3,1.1142082749456368
	Expression:
	  1.1142082749456368⋅x₃⋅x₄ - 1.1142082749456368⋅x₄ + 1.1142082749456368⋅x₅ + 0.3
	  6100613172099558⋅(x₂ - 0.7808046266637593)⋅sin(x₄) + 0.23252684308191566

[00:01:24:13.10] Training epoch 30/97, current best R: 0.7706
[00:02:21:10.82] Training epoch 40/97, current best R: 0.7706
[00:03:45:13.55] Training epoch 50/97, current best R: 0.7706
[00:05:26:07.46] Training epoch 60/97, current best R: 0.7866

	** New best
	Reward: 0.786571922103148
	Count Off-policy: False
	Count On-policy: True
	Originally on Policy: True
	Invalid: False
	Traversal: sub,x5,sin,add,mul,x4,mul,add,add,mul,add,mul,add,mul,add,-0.5581078359077195,x2,x5,x3,548.216718182457,x4,-0.8716820680258331,248.65917780831515,248.65917783680715,0.002493798769317588,-0.2964651225164787
	Expression:
	  x₅ - sin(x₄⋅(-1.191713320239688⋅x₃ - 0.002173799668479033⋅x₄ - 1.1917133202396
	  88⋅x₅⋅(x₂ - 0.5581078359077195) + 1.2402119032668525) - 0.2964651225164787)

[00:05:26:07.48] Training epoch 60/97, current best R: 0.7866
[00:06:22:22.42] Training epoch 66/97, current best R: 0.7951

	** New best
	Reward: 0.7950732265528945
	Count Off-policy: False
	Count On-policy: True
	Originally on Policy: True
	Invalid: False
	Traversal: add,mul,0.6654954710703954,x3,sub,sub,mul,add,mul,sin,sub,3.437584310707095,x5,mul,add,sin,x2,0.465161649713045,3.4785206481802926,x4,0.35268892642297783,-0.2355565751091041,x4
	Expression:
	  0.6654954710703954⋅x₃ - 0.64731107357702217⋅x₄ - 0.35268892642297783⋅(3.478520
	  6481802926⋅sin(x₂) + 1.6180744032684356)⋅sin(x₅ - 3.437584310707095) + 0.23555
	  65751091041

[00:06:55:16.73] Training epoch 70/97, current best R: 0.7951
[00:07:55:58.99] Training epoch 80/97, current best R: 0.7951
[00:09:11:19.72] Training epoch 90/97, current best R: 0.7951
[00:10:22:43.34] Ending training after epoch 97/97, current best R: 0.7951
-- RUNNING EPOCHS END ---------------

-- EVALUATION START ----------------
Saving Hall of Fame to ./
Saving Pareto Front to ./

Priority queue entry 0:
	Reward: 0.7950732265528945
	Count Off-policy: False
	Count On-policy: True
	Originally on Policy: True
	Invalid: False
	Traversal: add,mul,0.6654954710703954,x3,sub,sub,mul,add,mul,sin,sub,3.437584310707095,x5,mul,add,sin,x2,0.465161649713045,3.4785206481802926,x4,0.35268892642297783,-0.2355565751091041,x4
	Expression:
	  0.6654954710703954⋅x₃ - 0.64731107357702217⋅x₄ - 0.35268892642297783⋅(3.478520
	  6481802926⋅sin(x₂) + 1.6180744032684356)⋅sin(x₅ - 3.437584310707095) + 0.23555
	  65751091041


Priority queue entry 1:
	Reward: 0.7943720675702868
	Count Off-policy: False
	Count On-policy: True
	Originally on Policy: True
	Invalid: False
	Traversal: mul,add,add,add,sub,add,x3,mul,x5,add,x5,x2,mul,-0.9166139104236712,sub,mul,x2,-0.2123193915165167,x4,0.04352053176636309,0.04352053176636993,0.04352053176636525,0.7063181392454918
	Expression:
	  -0.137460039487913⋅x₂ + 0.7063181392454918⋅x₃ - 0.6474210316169813⋅x₄ + 0.7063
	  181392454918⋅x₅⋅(x₂ + x₅) + 0.09221802304858204


Priority queue entry 2:
	Reward: 0.7939900208584252
	Count Off-policy: False
	Count On-policy: True
	Originally on Policy: True
	Invalid: False
	Traversal: add,sin,sub,x3,-0.29001128917459884,mul,sub,mul,mul,mul,sin,sub,sub,mul,add,x4,x2,0.6687279809975087,0.7318290985008296,x2,1.4188096618029886,x5,1.418809664859234,-0.7341570236038912,-1.0365578551807404
	Expression:
	  2.0866125858652785⋅x₅⋅sin(0.3312720190024913⋅x₂ - 0.6687279809975087⋅x₄ + 0.73
	  18290985008296) + sin(x₃ + 0.29001128917459884) - 0.76099622975272567


Priority queue entry 3:
	Reward: 0.786571922103148
	Count Off-policy: False
	Count On-policy: True
	Originally on Policy: True
	Invalid: False
	Traversal: sub,x5,sin,add,mul,x4,mul,add,add,mul,add,mul,add,mul,add,-0.5581078359077195,x2,x5,x3,548.216718182457,x4,-0.8716820680258331,248.65917780831515,248.65917783680715,0.002493798769317588,-0.2964651225164787
	Expression:
	  x₅ - sin(x₄⋅(-1.191713320239688⋅x₃ - 0.002173799668479033⋅x₄ - 1.1917133202396
	  88⋅x₅⋅(x₂ - 0.5581078359077195) + 1.2402119032668525) - 0.2964651225164787)


Priority queue entry 4:
	Reward: 0.7812736148098026
	Count Off-policy: False
	Count On-policy: True
	Originally on Policy: True
	Invalid: False
	Traversal: mul,add,mul,add,mul,add,-0.2705311033219,sub,x3,sin,mul,1.1387220400009166,sub,mul,add,add,0.7878310263391177,x5,0.7878310263391205,0.9906160712972416,1.2232230946550835,x4,0.04404509449694659,0.8133472332008791,x5,1.4685199375147
	Expression:
	  1.194416628077909⋅x₄⋅(x₃ - sin(1.1280363535652884⋅x₅ + 0.38449297863248617) - 
	  0.2705311033219) + 1.4685199375147⋅x₅ + 0.05260819325241582


Priority queue entry 5:
	Reward: 0.7808130860500561
	Count Off-policy: False
	Count On-policy: True
	Originally on Policy: True
	Invalid: False
	Traversal: mul,cos,sub,mul,0.0742756768386694,add,56.47115962115103,mul,sub,2.3973522010838706,x4,sub,sub,mul,mul,add,0.15694395965529295,x4,x3,-0.9832854310037714,14.690460346656005,x5,x4,7.808863151545315
	Expression:
	  7.808863151545315⋅cos(-x₄ + 0.0742756768386694⋅(2.3973522010838706 - x₄)⋅(-0.9
	  832854310037714⋅x₃⋅(x₄ + 0.15694395965529295) - x₅ - 14.690460346656005) + 4.1
	  9443360272553)


Priority queue entry 6:
	Reward: 0.7786726708428596
	Count Off-policy: False
	Count On-policy: True
	Originally on Policy: True
	Invalid: False
	Traversal: sub,x5,add,mul,sub,add,x5,sub,x4,x5,sin,add,add,mul,0.6559788385867503,mul,x5,x2,mul,1.0837196526632373,x3,-0.8323061448752049,0.6455663162104958,-0.3648178532078559
	Expression:
	  -0.6455663162104958⋅x₄ + x₅ + 0.6455663162104958⋅sin(0.6559788385867503⋅x₂⋅x₅ 
	  + 1.0837196526632373⋅x₃ - 0.8323061448752049) + 0.3648178532078559


Priority queue entry 7:
	Reward: 0.7735095704848824
	Count Off-policy: False
	Count On-policy: True
	Originally on Policy: True
	Invalid: False
	Traversal: mul,sub,add,x3,x5,add,x4,sin,mul,-0.359266004471746,x2,sub,0.32671417857965357,mul,sin,mul,0.95249238037156,x5,-0.6987188605368206
	Expression:
	  (0.6987188605368206⋅sin(0.95249238037156⋅x₅) + 0.32671417857965357)⋅(x₃ - x₄ +
	   x₅ + sin(0.359266004471746⋅x₂))


Priority queue entry 8:
	Reward: 0.7734774806677548
	Count Off-policy: False
	Count On-policy: True
	Originally on Policy: True
	Invalid: False
	Traversal: add,sin,mul,add,sub,x5,sub,sub,mul,sub,add,mul,mul,mul,sub,2.3639182429268297,x2,0.5215792458672303,x4,x3,0.3700731607443397,x4,-2.511231294260882,x5,-2.2619181006276285,x2,0.5863098539952025,0.7048482437751405
	Expression:
	  sin(0.5863098539952025⋅x₂ + 1.472359653486281⋅x₃⋅x₄⋅(1.2329706944375639 - 0.52
	  15792458672303⋅x₂) - 1.472359653486281⋅x₄ + 1.172619707990405⋅x₅ - 0.781304080
	  6099818) + 0.7048482437751405


Priority queue entry 9:
	Reward: 0.7712104313265873
	Count Off-policy: False
	Count On-policy: True
	Originally on Policy: True
	Invalid: False
	Traversal: add,mul,1.2667090003944246,add,x5,0.9353759021606703,sub,sin,mul,x4,mul,-1.499705579122983,add,mul,sub,-1.224293068512771,mul,x5,-0.5249427609952928,x3,0.977052959544667,1.0147125344496337
	Expression:
	  1.2667090003944246⋅x₅ - sin(-x₄⋅(-1.499705579122983⋅x₃⋅(0.5249427609952928⋅x₅ 
	  - 1.224293068512771) - 1.465291774527759)) + 0.17013653956934209

-- EVALUATION END ------------------
== TRAINING SEED 42 END ==============
INFO: Completed run 1 of 1 in 37367 s

== POST-PROCESS START =================
-- LOADING LOGS START ----------------
Successfully loaded summary data
Successfully loaded Hall of Fame data
Successfully loaded Pareto Front data
-- LOADING LOGS END ------------------

-- ANALYZING LOG START --------------
Task_____________regression
Source path______./log/
Runs_____________1
Max Samples/run__100000
Success_rate_____0.0
Hall of Fame (Top 5 of 100)____
    0: S=042 R=0.795073 <-- [0.6654954710703954*x3 - 0.64731107357702217*x4 - 0.35268892642297783*(3.4785206481802926*sin(x2) + 1.6180744032684356)*sin(x5 - 3.437584310707095) + 0.2355565751091041]
    1: S=042 R=0.794372 <-- [-0.137460039487913*x2 + 0.7063181392454918*x3 - 0.6474210316169813*x4 + 0.7063181392454918*x5*(x2 + x5) + 0.09221802304858204]
    2: S=042 R=0.793990 <-- [2.0866125858652785*x5*sin(0.3312720190024913*x2 - 0.6687279809975087*x4 + 0.7318290985008296) + sin(x3 + 0.29001128917459884) - 0.76099622975272567]
    3: S=042 R=0.786572 <-- [x5 - sin(x4*(-1.191713320239688*x3 - 0.002173799668479033*x4 - 1.191713320239688*x5*(x2 - 0.5581078359077195) + 1.2402119032668525) - 0.2964651225164787)]
    4: S=042 R=0.781274 <-- [1.194416628077909*x4*(x3 - sin(1.1280363535652884*x5 + 0.38449297863248617) - 0.2705311033219) + 1.4685199375147*x5 + 0.05260819325241582]
  Saving Hall of Fame plot to ./log/
Pareto Front (5 of 8)____
    0: S=042 R=0.795073 C=27.00 <-- [0.6654954710703954*x3 - 0.64731107357702217*x4 - 0.35268892642297783*(3.4785206481802926*sin(x2) + 1.6180744032684356)*sin(x5 - 3.437584310707095) + 0.2355565751091041]
    1: S=042 R=0.794372 C=23.00 <-- [-0.137460039487913*x2 + 0.7063181392454918*x3 - 0.6474210316169813*x4 + 0.7063181392454918*x5*(x2 + x5) + 0.09221802304858204]
    2: S=042 R=0.770586 C=22.00 <-- [1.1142082749456368*x3*x4 - 1.1142082749456368*x4 + 1.1142082749456368*x5 + 0.36100613172099558*(x2 - 0.7808046266637593)*sin(x4) + 0.23252684308191566]
    3: S=042 R=0.770286 C=16.00 <-- [(1.6188251626088448 - x4)*(1.4201985040166425*x3*x4 + x5 - sin(x4))]
    4: S=042 R=0.748388 C=12.00 <-- [x5 + sin(x4*(x3 - 1.1611917990858325) + 0.2923009472263306)]
  Saving Pareto Front plot to ./log/
-- ANALYZING LOG END ----------------
== POST-PROCESS END ===================
