
== EXPERIMENT SETUP START ===========
Task type            : regression
Dataset              : /dso/dataset/sincos_nv5_nt58/prog_0.csv
Starting seed        : 42
Runs                 : 1
== EXPERIMENT SETUP END =============

== TRAINING SEED 42 START ============
-- BUILDING PRIOR START -------------
WARNING: Skipping invalid 'RelationalConstraint' with arguments {'targets': [], 'effectors': [], 'relationship': None}. Reason: Prior disabled.
WARNING: Skipping invalid 'InverseUnaryConstraint' with arguments {}. Reason: There are no inverse unary Token pairs in the Library.
WARNING: Skipping invalid 'UniformArityPrior' with arguments {}. Reason: Prior disabled.
WARNING: Skipping invalid 'LanguageModelPrior' with arguments {'weight': None}. Reason: Prior disabled.
LengthConstraint: Sequences have minimum length 4.
                  Sequences have maximum length 256.
RepeatConstraint: [const] cannot occur more than 10 times.
TrigConstraint: [sin, cos] cannot be a descendant of [sin, cos].
ConstConstraint: [const] cannot be the only unique child of [sin, cos, add, sub, mul].
NoInputsConstraint: Sequences contain at least one input variable Token.
SoftLengthPrior: No description available.
-- BUILDING PRIOR END ---------------

-- RUNNING EPOCHS START -------------
[00:00:00:25.81] Training epoch 1/97, current best R: 0.7697

	** New best
	Reward: 0.7696895420314165
	Count Off-policy: False
	Count On-policy: True
	Originally on Policy: True
	Invalid: False
	Traversal: sub,x5,mul,add,sin,x4,mul,sub,add,add,x3,add,mul,mul,mul,0.8501734666984329,x2,x5,x1,0.9494432351543133,x4,1.0505545174276323,-0.43442434933231394,1.5200247272981493
	Expression:
	  0.56139993641964936⋅x₁⋅x₂⋅x₅ + 0.66033575312552644⋅x₃ + 0.66033575312552644⋅x₄
	   + x₅ - 1.5200247272981493⋅sin(x₄) - 0.066767394729439797

[00:00:05:43.09] Training epoch 10/97, current best R: 0.7697
[00:00:24:35.26] Training epoch 20/97, current best R: 0.7697
[00:00:28:05.63] Training epoch 21/97, current best R: 0.7795

	** New best
	Reward: 0.7795079288777922
	Count Off-policy: False
	Count On-policy: True
	Originally on Policy: True
	Invalid: False
	Traversal: mul,add,1.7152873737029595,x2,sin,mul,sub,x3,sub,add,mul,sub,0.6312704335375935,add,1.3687279208763057,x5,x5,x4,0.01969422485955117,0.29893446159894316
	Expression:
	  (x₂ + 1.7152873737029595)⋅sin(0.29893446159894316⋅x₃ - 0.29893446159894316⋅x₄ 
	  - 0.29893446159894316⋅x₅⋅(-x₅ - 0.7374574873387122) + 0.005887282504998451)

[00:01:00:42.16] Training epoch 30/97, current best R: 0.7795
[00:02:08:43.83] Training epoch 40/97, current best R: 0.7795
[00:03:17:52.89] Training epoch 50/97, current best R: 0.7795
[00:03:40:40.04] Training epoch 53/97, current best R: 0.7836

	** New best
	Reward: 0.7835887695553815
	Count Off-policy: False
	Count On-policy: True
	Originally on Policy: True
	Invalid: False
	Traversal: sub,add,x3,mul,sub,-0.24611117359167836,cos,x4,sub,sub,mul,sin,sub,add,mul,sub,1.526689854610227,x4,0.9078111775946426,1.5729782510441606,x3,0.7220944997369501,0.8932696030728133,x5,0.9006912854729364
	Expression:
	  x₃ + (-cos(x₄) - 0.24611117359167836)⋅(-x₅ - 0.7220944997369501⋅sin(x₃ + 0.907
	  8111775946426⋅x₄ - 2.9589243657796645) - 0.8932696030728133) - 0.9006912854729
	  364

[00:04:33:34.05] Training epoch 60/97, current best R: 0.7836
[00:05:50:52.81] Training epoch 70/97, current best R: 0.7836
[00:07:08:23.18] Training epoch 80/97, current best R: 0.7836
[00:08:22:43.01] Training epoch 90/97, current best R: 0.7836
[00:09:16:49.93] Ending training after epoch 97/97, current best R: 0.7836
-- RUNNING EPOCHS END ---------------

-- EVALUATION START ----------------
Saving Hall of Fame to ./log/
Saving Pareto Front to ./log/
-- EVALUATION END ------------------
== TRAINING SEED 42 END ==============
INFO: Completed run 1 of 1 in 33413 s

== POST-PROCESS START =================
-- LOADING LOGS START ----------------
Successfully loaded summary data
Successfully loaded Hall of Fame data
Successfully loaded Pareto Front data
-- LOADING LOGS END ------------------

-- ANALYZING LOG START --------------
Task_____________regression
Source path______.
Runs_____________1
Max Samples/run__100000
Success_rate_____0.0
Hall of Fame (Top 5 of 100)____
    0: S=042 R=0.783589 <-- [x3 + (-cos(x4) - 0.24611117359167836)*(-x5 - 0.7220944997369501*sin(x3 + 0.9078111775946426*x4 - 2.9589243657796645) - 0.8932696030728133) - 0.9006912854729364]
    1: S=042 R=0.779508 <-- [(x2 + 1.7152873737029595)*sin(0.29893446159894316*x3 - 0.29893446159894316*x4 - 0.29893446159894316*x5*(-x5 - 0.7374574873387122) + 0.005887282504998451)]
    2: S=042 R=0.779103 <-- [-0.9453615185324697*x5*(0.9453615185324696*x4 - 1.6474081214837812) + 1.3782130143805658*sin(x4)*sin(x3 - 0.65739533471536941)]
    3: S=042 R=0.778153 <-- [-(-1.3559606621678886*x5 + 1.3559606621678886*sin(x4*(1.1049908983851031 - 1.3669859240761879*x3)))*sin(x4 + 1.6255850188789707) + 0.11004119330068847]
    4: S=042 R=0.776728 <-- [0.847985432831768 - 1.373113441916042*sin(x3*x4 + (1.0335999743569073 - 0.34279570600051174*x4)*(x5 + 2.504210182627848))]
  Saving Hall of Fame plot to ./log/
Pareto Front (5 of 10)____
    0: S=042 R=0.783589 C=29.00 <-- [x3 + (-cos(x4) - 0.24611117359167836)*(-x5 - 0.7220944997369501*sin(x3 + 0.9078111775946426*x4 - 2.9589243657796645) - 0.8932696030728133) - 0.9006912854729364]
    1: S=042 R=0.779508 C=22.00 <-- [(x2 + 1.7152873737029595)*sin(0.29893446159894316*x3 - 0.29893446159894316*x4 - 0.29893446159894316*x5*(-x5 - 0.7374574873387122) + 0.005887282504998451)]
    2: S=042 R=0.764839 C=20.00 <-- [cos(0.6631232991488257*x3*(-x4 - 0.5978024997003789) + x4 - 1.182267116239738*x5 + 2.180892858875867) + 0.6020551373051283]
    3: S=042 R=0.764239 C=19.00 <-- [-0.3736071769208654*x3*(-1.9512183278432312*x4 - 0.8031862154909078) - x4 + 1.0880136716427123*x5 + 0.08837314503999293]
    4: S=042 R=0.758174 C=18.00 <-- [x5 - 0.6172973607491629*cos((x3 - 1.088605242314748)*(2*x4 + 0.21110918422326883) + 2.1992106970626044)]
  Saving Pareto Front plot to ./log/
-- ANALYZING LOG END ----------------
== POST-PROCESS END ===================
