
== EXPERIMENT SETUP START ===========
Task type            : regression
Dataset              : ./dso/dataset/sincos_nv5_nt58/prog_0.csv
Starting seed        : 42
Runs                 : 1
== EXPERIMENT SETUP END =============

== TRAINING SEED 42 START ============
-- BUILDING PRIOR START -------------
WARNING: Skipping invalid 'RelationalConstraint' with arguments {'targets': [], 'effectors': [], 'relationship': None}. Reason: Prior disabled.
WARNING: Skipping invalid 'InverseUnaryConstraint' with arguments {}. Reason: There are no inverse unary Token pairs in the Library.
WARNING: Skipping invalid 'UniformArityPrior' with arguments {}. Reason: Prior disabled.
WARNING: Skipping invalid 'LanguageModelPrior' with arguments {'weight': None}. Reason: Prior disabled.
LengthConstraint: Sequences have minimum length 4.
                  Sequences have maximum length 256.
RepeatConstraint: [const] cannot occur more than 10 times.
TrigConstraint: [sin, cos] cannot be a descendant of [sin, cos].
ConstConstraint: [const] cannot be the only unique child of [sin, cos, add, sub, mul].
NoInputsConstraint: Sequences contain at least one input variable Token.
SoftLengthPrior: No description available.
-- BUILDING PRIOR END ---------------

-- RUNNING EPOCHS START -------------
gen	iter	pop_size	nevals	uncached_size	best_val              	timer  
0  	0   	1024    	1024  	1024         	(-0.6883224372775804,)	15.5158
1  	1   	1024    	771   	608          	(-0.6883224372775804,)	16.1417
2  	2   	1024    	781   	600          	(-0.7190907643761999,)	18.9222
3  	3   	1024    	764   	589          	(-0.7386566945854633,)	36.9732
4  	4   	1024    	769   	585          	(-0.7387774855702095,)	44.9484

--------------------------------------------------
GP Time: 133.87

Unique expressions evaluated: 4347
Total expression evaluations: 4109
--------------------------------------------------

GP -> best program this epoch:

	Reward: 0.7387774855702095
	Count Off-policy: 1
	Count On-policy: 0
	Originally on Policy: False
	Invalid: False
	Traversal: mul,0.5817855345299215,sub,sub,add,sub,x5,sub,x3,x3,x3,add,0.10036747161139395,sub,0.10036747161139387,x5,x4
	Expression:
	  0.5817855345299215⋅x₃ - 0.5817855345299215⋅x₄ + 1.163571069059843⋅x₅ - 0.11678
	  468624170306

None

--------------------------------------------------

[00:00:02:45.01] Training epoch 1/48, current best R: 0.7697

	** New best
	Reward: 0.7696895420314165
	Count Off-policy: False
	Count On-policy: True
	Originally on Policy: True
	Invalid: False
	Traversal: sub,x5,mul,add,sin,x4,mul,sub,add,add,x3,add,mul,mul,mul,0.8501734666984329,x2,x5,x1,0.9494432351543133,x4,1.0505545174276323,-0.43442434933231394,1.5200247272981493
	Expression:
	  0.56139993641964936⋅x₁⋅x₂⋅x₅ + 0.66033575312552644⋅x₃ + 0.66033575312552644⋅x₄
	   + x₅ - 1.5200247272981493⋅sin(x₄) - 0.066767394729439797

5  	0   	1024    	1024  	1010         	(-0.6964341296215372,)	27.5527
6  	1   	1024    	787   	614          	(-0.6964341296215372,)	24.7006
7  	2   	1024    	781   	587          	(-0.7117942063481859,)	36.4471
8  	3   	1024    	752   	558          	(-0.727338059496438,) 	30.4304
9  	4   	1024    	754   	590          	(-0.7444542307015171,)	30.9086

--------------------------------------------------
GP Time: 150.549

Unique expressions evaluated: 8647
Total expression evaluations: 8207
--------------------------------------------------

GP -> best program this epoch:

	Reward: 0.7444542307015171
	Count Off-policy: 1
	Count On-policy: 0
	Originally on Policy: False
	Invalid: False
	Traversal: mul,sub,sub,x5,mul,sub,x4,sub,x3,0.5782197668015157,0.6031060311466373,-0.27584111775136955,1.0886896580225436
	Expression:
	  0.65659529880036609⋅x₃ - 0.65659529880036609⋅x₄ + 1.0886896580225436⋅x₅ - 0.07
	  9351008402024506

None

--------------------------------------------------

10 	0   	1024    	1024  	1006         	(-0.6593268650741723,)	18.3852
11 	1   	1024    	757   	578          	(-0.6942979547108669,)	19.7556
12 	2   	1024    	783   	601          	(-0.7372205801748967,)	30.4264
13 	3   	1024    	771   	597          	(-0.7372205801748967,)	51.725 
14 	4   	1024    	766   	587          	(-0.767955784268673,) 	55.4564

--------------------------------------------------
GP Time: 176.246

Unique expressions evaluated: 12960
Total expression evaluations: 12308
--------------------------------------------------

GP -> best program this epoch:

	Reward: 0.767955784268673
	Count Off-policy: 1
	Count On-policy: 0
	Originally on Policy: False
	Invalid: False
	Traversal: mul,sin,x5,add,1.9321126493012513,sub,mul,add,sub,x5,2.147501592749126,x3,mul,1.4099455626360606,x4,mul,sub,cos,x3,x2,0.6491318273791313
	Expression:
	  (0.6491318273791313⋅x₂ + 1.4099455626360606⋅x₄⋅(x₃ + x₅ - 2.147501592749126) -
	   0.6491318273791313⋅cos(x₃) + 1.9321126493012513)⋅sin(x₅)

None

--------------------------------------------------

15 	0   	1024    	1024  	995          	(-0.6589473814019899,)	22.6856
16 	1   	1024    	755   	556          	(-0.7056088169813148,)	39.4356
17 	2   	1024    	765   	593          	(-0.7496946530751483,)	29.6969
18 	3   	1024    	785   	606          	(-0.7496946530751483,)	39.7376
19 	4   	1024    	777   	571          	(-0.7599054814089936,)	55.5921

--------------------------------------------------
GP Time: 187.661

Unique expressions evaluated: 17205
Total expression evaluations: 16414
--------------------------------------------------

GP -> best program this epoch:

	Reward: 0.7599054814089936
	Count Off-policy: 1
	Count On-policy: 0
	Originally on Policy: False
	Invalid: False
	Traversal: add,add,x4,mul,sub,x4,-0.16397972347052622,add,-2.146527316894616,x3,sub,x5,-0.5577263391061579
	Expression:
	  x₄ + x₅ + (x₃ - 2.146527316894616)⋅(x₄ + 0.16397972347052622) + 0.557726339106
	  1579

None

--------------------------------------------------

20 	0   	1024    	1024  	992          	(-0.6966629035755283,)	24.8351
21 	1   	1024    	775   	563          	(-0.6966629035755283,)	19.3529
22 	2   	1024    	759   	567          	(-0.7033432509231046,)	19.3828
23 	3   	1024    	755   	574          	(-0.719879029921026,) 	31.5354
24 	4   	1024    	751   	541          	(-0.765807546205246,) 	30.973 

--------------------------------------------------
GP Time: 126.59

Unique expressions evaluated: 21409
Total expression evaluations: 20478
--------------------------------------------------

GP -> best program this epoch:

	Reward: 0.765807546205246
	Count Off-policy: 1
	Count On-policy: 0
	Originally on Policy: False
	Invalid: False
	Traversal: add,add,sub,x5,cos,add,sub,mul,0.10765703472747479,add,1.1563402303464576,x5,add,0.23579184606815645,mul,add,x4,0.23705961229964959,sub,1.1002992513591057,x3,1.7641889149297152,0.04849646233923882,mul,cos,x4,0.24077532653238093
	Expression:
	  x₅ + 0.24077532653238093⋅cos(x₄) - cos(0.10765703472747479⋅x₅ - (1.10029925135
	  91057 - x₃)⋅(x₄ + 0.23705961229964959) + 1.6528852291967435) + 0.0484964623392
	  3882

None

--------------------------------------------------

25 	0   	1024    	1024  	974          	(-0.7068449210622577,)	24.6892
26 	1   	1024    	743   	535          	(-0.7465640696585902,)	25.7991
27 	2   	1024    	772   	617          	(-0.7807989334530002,)	45.4747
28 	3   	1024    	773   	603          	(-0.7807989334530002,)	86.2812
29 	4   	1024    	744   	554          	(-0.7980003444002798,)	75.1209

--------------------------------------------------
GP Time: 257.877

Unique expressions evaluated: 25651
Total expression evaluations: 24534
--------------------------------------------------

GP -> best program this epoch:

	Reward: 0.7980003444002798
	Count Off-policy: 1
	Count On-policy: 0
	Originally on Policy: False
	Invalid: False
	Traversal: add,mul,add,mul,x5,x2,x5,0.6834982653412788,mul,add,mul,sub,sin,sub,-0.20830115662145687,x3,mul,add,0.48734472152925157,mul,sin,mul,x4,-1.8515716641579425,x4,x5,sub,3.2849703758519,mul,x4,x2,2.167558681199917,-0.293670921443595
	Expression:
	  0.6834982653412788⋅x₂⋅x₅ + 0.6834982653412788⋅x₅ - 0.293670921443595⋅(-x₂⋅x₄ +
	   3.2849703758519)⋅(-x₅⋅(-x₄⋅sin(1.8515716641579425⋅x₄) + 0.48734472152925157) 
	  - sin(x₃ + 0.20830115662145687)) - 0.6365489551910433

None

--------------------------------------------------

[00:00:20:22.52] Training epoch 6/48, current best R: 0.7980

	** New best
	Reward: 0.7980003444002798
	Count Off-policy: 1
	Count On-policy: 0
	Originally on Policy: False
	Invalid: False
	Traversal: add,mul,add,mul,x5,x2,x5,0.6834982653412788,mul,add,mul,sub,sin,sub,-0.20830115662145687,x3,mul,add,0.48734472152925157,mul,sin,mul,x4,-1.8515716641579425,x4,x5,sub,3.2849703758519,mul,x4,x2,2.167558681199917,-0.293670921443595
	Expression:
	  0.6834982653412788⋅x₂⋅x₅ + 0.6834982653412788⋅x₅ - 0.293670921443595⋅(-x₂⋅x₄ +
	   3.2849703758519)⋅(-x₅⋅(-x₄⋅sin(1.8515716641579425⋅x₄) + 0.48734472152925157) 
	  - sin(x₃ + 0.20830115662145687)) - 0.6365489551910433

30 	0   	1024    	1024  	998          	(-0.6369293120192767,)	45.8687
31 	1   	1024    	762   	577          	(-0.7274265506547839,)	34.5105
32 	2   	1024    	740   	586          	(-0.7274265506547839,)	28.0769
33 	3   	1024    	768   	582          	(-0.7440319141685736,)	101.571
34 	4   	1024    	769   	564          	(-0.7637962210319025,)	183.832

--------------------------------------------------
GP Time: 394.369

Unique expressions evaluated: 29899
Total expression evaluations: 28597
--------------------------------------------------

GP -> best program this epoch:

	Reward: 0.7637962210319025
	Count Off-policy: 1
	Count On-policy: 0
	Originally on Policy: False
	Invalid: False
	Traversal: sub,mul,mul,mul,cos,sub,14.09531856341124,mul,sub,x1,add,mul,x4,x5,mul,add,21.919261402182016,x4,add,62.20638956267178,x2,-0.009251771567773551,1.3461269902497808,1.345451568560703,sin,x3,mul,sin,sub,x5,add,x4,3.067390085916028,1.1564760312230846
	Expression:
	  1.8111486705134657⋅sin(x₃)⋅cos(0.009251771567773551⋅x₁ - 0.009251771567773551⋅
	  x₄⋅x₅ - 0.009251771567773551⋅(x₂ + 62.20638956267178)⋅(x₄ + 21.919261402182016
	  ) + 14.09531856341124) + 1.1564760312230846⋅sin(x₄ - x₅ + 3.067390085916028)

None

--------------------------------------------------

35 	0   	1024    	1024  	992          	(-0.6917790385763619,)	31.673 
36 	1   	1024    	739   	534          	(-0.6917790385763619,)	44.4829
37 	2   	1024    	757   	554          	(-0.7454303762095591,)	37.7326
38 	3   	1024    	788   	574          	(-0.7454303762095591,)	126.79 
39 	4   	1024    	758   	575          	(-0.8246100564277112,)	191.355

--------------------------------------------------
GP Time: 432.775

Unique expressions evaluated: 34055
Total expression evaluations: 32663
--------------------------------------------------

GP -> best program this epoch:

	Reward: 0.8246100564277112
	Count Off-policy: 1
	Count On-policy: 0
	Originally on Policy: False
	Invalid: False
	Traversal: sub,sin,mul,x3,x4,add,sub,x4,mul,mul,add,add,x5,mul,x5,sub,x2,x5,0.7987673216176107,mul,x5,sub,1.4706096103428754,mul,add,x4,-1.2316999047068562,x5,0.3569258400527378,-0.26832626671631593
	Expression:
	  -x₄ + 0.3569258400527378⋅x₅⋅(-x₅⋅(x₄ - 1.2316999047068562) + 1.470609610342875
	  4)⋅(x₅⋅(x₂ - x₅) + x₅ + 0.7987673216176107) + sin(x₃⋅x₄) + 0.26832626671631593

None

--------------------------------------------------

[00:00:36:08.07] Training epoch 8/48, current best R: 0.8246

	** New best
	Reward: 0.8246100564277112
	Count Off-policy: 1
	Count On-policy: 0
	Originally on Policy: False
	Invalid: False
	Traversal: sub,sin,mul,x3,x4,add,sub,x4,mul,mul,add,add,x5,mul,x5,sub,x2,x5,0.7987673216176107,mul,x5,sub,1.4706096103428754,mul,add,x4,-1.2316999047068562,x5,0.3569258400527378,-0.26832626671631593
	Expression:
	  -x₄ + 0.3569258400527378⋅x₅⋅(-x₅⋅(x₄ - 1.2316999047068562) + 1.470609610342875
	  4)⋅(x₅⋅(x₂ - x₅) + x₅ + 0.7987673216176107) + sin(x₃⋅x₄) + 0.26832626671631593

40 	0   	1024    	1024  	981          	(-0.7366081314093424,)	50.4105
41 	1   	1024    	790   	591          	(-0.7366081314093424,)	54.5932
42 	2   	1024    	771   	576          	(-0.7588989206688276,)	70.9576
43 	3   	1024    	778   	588          	(-0.7588989206688276,)	98.8521
44 	4   	1024    	803   	577          	(-0.799284499437371,) 	118.126

--------------------------------------------------
GP Time: 393.446

Unique expressions evaluated: 38320
Total expression evaluations: 36829
--------------------------------------------------

GP -> best program this epoch:

	Reward: 0.799284499437371
	Count Off-policy: 1
	Count On-policy: 0
	Originally on Policy: False
	Invalid: False
	Traversal: sub,add,mul,x5,sub,x3,sin,sub,x5,sub,2.4608968516509084,x3,add,0.4832104065350679,add,sub,x4,mul,x3,-0.5819140866082255,mul,mul,sub,add,x4,0.4721504434467771,x2,x5,mul,0.0012953393141142263,mul,x4,add,mul,x3,x2,-609.6405186554096,add,x4,sin,sub,add,x4,add,x3,mul,mul,x4,-0.20198409303152157,x2,-0.3114603147210251
	Expression:
	  0.5819140866082255⋅x₃ + 0.0012953393141142263⋅x₄⋅x₅⋅(x₂⋅x₃ - 609.6405186554096
	  )⋅(-x₂ + x₄ + 0.4721504434467771) + x₅⋅(x₃ - sin(x₃ + x₅ - 2.4608968516509084)
	  ) - sin(-0.20198409303152157⋅x₂⋅x₄ + x₃ + x₄ + 0.3114603147210251) + 0.4832104
	  065350679

None

--------------------------------------------------

45 	0   	1024    	1024  	989          	(-0.7096685899821755,)	36.8488
46 	1   	1024    	771   	596          	(-0.7574579720438348,)	37.905 
47 	2   	1024    	752   	542          	(-0.7574579720438348,)	69.3066
48 	3   	1024    	783   	589          	(-0.7654622020421661,)	93.3465
49 	4   	1024    	770   	573          	(-0.7772095936108624,)	127.797

--------------------------------------------------
GP Time: 365.718

Unique expressions evaluated: 42591
Total expression evaluations: 40929
--------------------------------------------------

GP -> best program this epoch:

	Reward: 0.7772095936108624
	Count Off-policy: 1
	Count On-policy: 0
	Originally on Policy: False
	Invalid: False
	Traversal: add,sub,x5,0.4186274960227875,mul,mul,0.8153443224174617,sub,mul,x5,sub,x4,x2,x3,mul,sub,sin,add,-1.6888588782186682,x2,0.2917788943444382,0.8153425915036847
	Expression:
	  x₅ + (-0.8153443224174617⋅x₃ + 0.8153443224174617⋅x₅⋅(-x₂ + x₄))⋅(0.8153425915
	  036847⋅sin(x₂ - 1.6888588782186682) - 0.2378997598608741) - 0.4186274960227875

None

--------------------------------------------------

[00:00:50:48.78] Training epoch 10/48, current best R: 0.8246
-- RUNNING EPOCHS END ---------------

-- EVALUATION START ----------------
Saving Hall of Fame to
Saving Pareto Front to
-- EVALUATION END ------------------
== TRAINING SEED 42 END ==============
INFO: Completed run 1 of 1 in 3051 s

== POST-PROCESS START =================
-- LOADING LOGS START ----------------
Successfully loaded summary data
Successfully loaded Hall of Fame data
Successfully loaded Pareto Front data
-- LOADING LOGS END ------------------

-- ANALYZING LOG START --------------
Task_____________regression
Source path______.
Runs_____________1
Max Samples/run__50000
Success_rate_____0.0
Hall of Fame (Top 5 of 100)____
    0: S=042 R=0.824610 <-- [-x4 + 0.3569258400527378*x5*(-x5*(x4 - 1.2316999047068562) + 1.4706096103428754)*(x5*(x2 - x5) + x5 + 0.7987673216176107) + sin(x3*x4) + 0.26832626671631593]
    1: S=042 R=0.824610 <-- [-x4 + 0.3569258400527378*x5*(-x5*(x4 - 1.2316999047068562) + 1.4706096103428754)*(x5*(x2 - x5) + x5 + 0.7987673216176107) + sin(x3*x4) + 0.26832626671631593]
    2: S=042 R=0.799284 <-- [0.5819140866082255*x3 + 0.0012953393141142263*x4*x5*(x2*x3 - 609.6405186554096)*(-x2 + x4 + 0.4721504434467771) + x5*(x3 - sin(x3 + x5 - 2.4608968516509084)) - sin(-0.20198409303152157*x2*x4 + x3 + x4 + 0.3114603147210251) + 0.4832104065350679]
    3: S=042 R=0.799284 <-- [0.5819140866082255*x3 + 0.0012953393141142263*x4*x5*(x2*x3 - 609.6405186554096)*(-x2 + x4 + 0.4721504434467771) + x5*(x3 - sin(x3 + x5 - 2.4608968516509084)) - sin(-0.20198409303152157*x2*x4 + x3 + x4 + 0.3114603147210251) + 0.4832104065350679]
    4: S=042 R=0.798000 <-- [0.6834982653412788*x2*x5 + 0.6834982653412788*x5 - 0.293670921443595*(-x2*x4 + 3.2849703758519)*(-x5*(-x4*sin(1.8515716641579425*x4) + 0.48734472152925157) - sin(x3 + 0.20830115662145687)) - 0.6365489551910433]
  Saving Hall of Fame plot to ./
Pareto Front (5 of 13)____
    0: S=042 R=0.824610 C=32.00 <-- [-x4 + 0.3569258400527378*x5*(-x5*(x4 - 1.2316999047068562) + 1.4706096103428754)*(x5*(x2 - x5) + x5 + 0.7987673216176107) + sin(x3*x4) + 0.26832626671631593]
    1: S=042 R=0.779612 C=31.00 <-- [0.5521035411492266*x4*x5*(x2 + x3 - 1.9880530295227938) - x4 + 0.5521035411492266*x5 + sin(x5) + sin(0.617535930467752*x3 + 0.617535930467752*x4 - 0.2340797375371225)]
    2: S=042 R=0.778275 C=30.00 <-- [-x4 + 0.048284629595950194*x5*(x1**2*x5 + 12.943234699549643*x2*x3 + x3 + 18.461910579268665) + sin(x3*x4) + 0.1834839533040168]
    3: S=042 R=0.777210 C=24.00 <-- [x5 + (-0.8153443224174617*x3 + 0.8153443224174617*x5*(-x2 + x4))*(0.8153425915036847*sin(x2 - 1.6888588782186682) - 0.2378997598608741) - 0.4186274960227875]
    4: S=042 R=0.773665 C=20.00 <-- [x3 + sin(0.4590068436320478*x3 + 0.8995743872239406*x4 - 1.4590068436320478*x5 + 3.8061104501547816) + 0.4690292988510454]
  Saving Pareto Front plot to ./
-- ANALYZING LOG END ----------------
== POST-PROCESS END ===================
