
== EXPERIMENT SETUP START ===========
Task type            : regression
Dataset              :  ./dso/dataset/sincos_nv5_nt58/prog_0.csv
Starting seed        : 42
Runs                 : 1
== EXPERIMENT SETUP END =============

== TRAINING SEED 42 START ============
-- BUILDING PRIOR START -------------
WARNING: Skipping invalid 'RelationalConstraint' with arguments {'targets': [], 'effectors': [], 'relationship': None}. Reason: Prior disabled.
WARNING: Skipping invalid 'InverseUnaryConstraint' with arguments {}. Reason: There are no inverse unary Token pairs in the Library.
WARNING: Skipping invalid 'UniformArityPrior' with arguments {}. Reason: Prior disabled.
WARNING: Skipping invalid 'LanguageModelPrior' with arguments {'weight': None}. Reason: Prior disabled.
LengthConstraint: Sequences have minimum length 4.
                  Sequences have maximum length 256.
RepeatConstraint: [const] cannot occur more than 10 times.
TrigConstraint: [sin, cos] cannot be a descendant of [sin, cos].
ConstConstraint: [const] cannot be the only unique child of [sin, cos, add, sub, mul].
NoInputsConstraint: Sequences contain at least one input variable Token.
SoftLengthPrior: No description available.
-- BUILDING PRIOR END ---------------

-- RUNNING EPOCHS START -------------
[00:00:00:19.39] Training epoch 1/97, current best R: 0.7697

	** New best
	Reward: 0.7696895420314165
	Count Off-policy: False
	Count On-policy: True
	Originally on Policy: True
	Invalid: False
	Traversal: sub,x5,mul,add,sin,x4,mul,sub,add,add,x3,add,mul,mul,mul,0.8501734666984329,x2,x5,x1,0.9494432351543133,x4,1.0505545174276323,-0.43442434933231394,1.5200247272981493
	Expression:
	  0.56139993641964936⋅x₁⋅x₂⋅x₅ + 0.66033575312552644⋅x₃ + 0.66033575312552644⋅x₄
	   + x₅ - 1.5200247272981493⋅sin(x₄) - 0.066767394729439797

[00:00:03:44.64] Training epoch 10/97, current best R: 0.7697
[00:00:10:18.15] Training epoch 20/97, current best R: 0.7697
[00:00:19:48.39] Training epoch 30/97, current best R: 0.7697
[00:00:30:38.88] Training epoch 40/97, current best R: 0.7697
[00:00:41:07.16] Training epoch 50/97, current best R: 0.7697
[00:01:07:01.13] Training epoch 59/97, current best R: 0.7779

	** New best
	Reward: 0.7779179173296852
	Count Off-policy: False
	Count On-policy: True
	Originally on Policy: True
	Invalid: False
	Traversal: mul,sub,add,mul,sub,x2,mul,add,x5,mul,1.2084770973051562,mul,sin,add,-1.0620759572655616,mul,1.079217746270543,x3,x4,-5.059477241786816,10.471268422083025,6.600112960280287,x4,0.02052552799531015
	Expression:
	  0.21492831314387227⋅x₂ + 1.3141280975258266⋅x₄⋅sin(1.079217746270543⋅x₃ - 1.06
	  20759572655616) - 0.02052552799531015⋅x₄ + 1.0874249089670519⋅x₅ + 0.135470803
	  3384424

[00:01:11:16.10] Training epoch 60/97, current best R: 0.7779
[00:02:05:14.69] Training epoch 70/97, current best R: 0.7779
[00:03:01:22.57] Training epoch 80/97, current best R: 0.7779
[00:03:20:56.71] Training epoch 90/97, current best R: 0.7779
[00:03:27:22.12] Ending training after epoch 97/97, current best R: 0.7779
-- RUNNING EPOCHS END ---------------

-- EVALUATION START ----------------
Saving Hall of Fame to ./log/
Saving Pareto Front to ./log/
-- EVALUATION END ------------------
== TRAINING SEED 42 END ==============
INFO: Completed run 1 of 1 in 12444 s

== POST-PROCESS START =================
-- LOADING LOGS START ----------------
Successfully loaded summary data
Successfully loaded Hall of Fame data
Successfully loaded Pareto Front data
-- LOADING LOGS END ------------------

-- ANALYZING LOG START --------------
Task_____________regression
Source path______./log
Runs_____________1
Max Samples/run__100000
Success_rate_____0.0
Hall of Fame (Top 5 of 100)____
    0: S=042 R=0.777918 <-- [0.21492831314387227*x2 + 1.3141280975258266*x4*sin(1.079217746270543*x3 - 1.0620759572655616) - 0.02052552799531015*x4 + 1.0874249089670519*x5 + 0.1354708033384424]
    1: S=042 R=0.777551 <-- [1.4694902100667107*x4*(0.81256604663030809*x3 - 0.5196237006591475*x5 - 1.266416931377098) + x4 + 1.4694902100667107*x5 + 0.05208090485285588]
    2: S=042 R=0.769690 <-- [0.56139993641964936*x1*x2*x5 + 0.66033575312552644*x3 + 0.66033575312552644*x4 + x5 - 1.5200247272981493*sin(x4) - 0.066767394729439797]
    3: S=042 R=0.762850 <-- [x4 + x5 - 2.1805520998507637*(x4 + 0.34176267688788753)*cos(0.5674766961237695*x3 + 0.41498555802558156) + 0.85101151192083233]
    4: S=042 R=0.762770 <-- [-0.95788688574174018*x4 + 1.0903820446894268*x5 + 2.048268930431167*cos(0.00012745481876133455*x3*(2476.9912476385557*x4 + 1420.1248931690395) - 1.5433483400063362)]
  Saving Hall of Fame plot to .
Pareto Front (5 of 10)____
    0: S=042 R=0.777918 C=26.00 <-- [0.21492831314387227*x2 + 1.3141280975258266*x4*sin(1.079217746270543*x3 - 1.0620759572655616) - 0.02052552799531015*x4 + 1.0874249089670519*x5 + 0.1354708033384424]
    1: S=042 R=0.777551 C=23.00 <-- [1.4694902100667107*x4*(0.81256604663030809*x3 - 0.5196237006591475*x5 - 1.266416931377098) + x4 + 1.4694902100667107*x5 + 0.05208090485285588]
    2: S=042 R=0.762550 C=20.00 <-- [x5 + (-x4 - 0.4108540368036155)*cos(x3 + 0.34197780142868989) + 0.5460431498042525]
    3: S=042 R=0.755812 C=18.00 <-- [x5 + sin(x4*(1.2688710755396717*x3 - 1.31091956850123) + 0.29634812701805103)]
    4: S=042 R=0.751751 C=15.00 <-- [x3*(x4 + 1.0816224694345165) - 0.9183773658139095*x3 - x4 + x5 + 0.13269463353834265]
  Saving Pareto Front plot to ./
-- ANALYZING LOG END ----------------
== POST-PROCESS END ===================
